<?xml version="1.0" encoding="UTF-8"?><testsuite errors="0" failures="1" name="Aerolinea Despegar - reservar vuelo" skipped="0" tests="1" time="35.67" timestamp="2022-01-17 01:06:19"><testcase name="reserva de vuelo y validar pagina de metodos de pago"><failure message="&#10;Expected: &quot;Detalle del pagoss&quot;&#10;     but: was &quot;Detalle del pago&quot;" type="java.lang.AssertionError">
Expected: "Detalle del pagoss"
     but: was "Detalle del pago"</failure><system-err>
Expected: "Detalle del pagoss"
     but: was "Detalle del pago"&#13;
co.com.accenture.despegar.stepdefinitions.reservarvuelo.ReservarVueloStepDefinitions.elVisualizaraLaPaginaDeMetodosDePagos(ReservarVueloStepDefinitions.java:43)&#13;
✽.el visualizara la pagina de metodos de pagos(src/test/resources/features/reservarvuelo/reservar_vuelo.feature:15)&#13;
</system-err></testcase></testsuite>